Using pre-set license
Built from '2020.3/staging' branch; Version is '2020.3.19f1 (68f137dc9bbe) revision 6877495'; Using compiler version '192528614'; Build Type 'Release'
OS: 'Windows 10 Pro; OS build 19042.1348; Version 2009; 64bit' Language: 'fr' Physical Memory: 16335 MB
BatchMode: 1, IsHumanControllingUs: 0, StartBugReporterOnCrash: 0, Is64bit: 1, IsPro: 0

COMMAND LINE ARGUMENTS:
D:\2020.3.19f1\Editor\Unity.exe
-adb2
-batchMode
-noUpm
-name
AssetImportWorker0
-projectPath
D:/ETPA/Annee_2/Infographie3D/TD_3D/TowerDefense/Unity/TowerDefenseGC
-logFile
Logs/AssetImportWorker0.log
-srvPort
51614
Successfully changed project path to: D:/ETPA/Annee_2/Infographie3D/TD_3D/TowerDefense/Unity/TowerDefenseGC
D:/ETPA/Annee_2/Infographie3D/TD_3D/TowerDefense/Unity/TowerDefenseGC
Using Asset Import Pipeline V2.
Refreshing native plugins compatible for Editor in 56.90 ms, found 2 plugins.
Preloading 0 native plugins for Editor in 0.00 ms.
Initialize engine version: 2020.3.19f1 (68f137dc9bbe)
[Subsystems] Discovering subsystems at path D:/2020.3.19f1/Editor/Data/Resources/UnitySubsystems
[Subsystems] Discovering subsystems at path D:/ETPA/Annee_2/Infographie3D/TD_3D/TowerDefense/Unity/TowerDefenseGC/Assets
GfxDevice: creating device client; threaded=0
Direct3D:
    Version:  Direct3D 11.0 [level 11.1]
    Renderer: NVIDIA GeForce GTX 970 (ID=0x13c2)
    Vendor:   
    VRAM:     4043 MB
    Driver:   30.0.14.9676
Initialize mono
Mono path[0] = 'D:/2020.3.19f1/Editor/Data/Managed'
Mono path[1] = 'D:/2020.3.19f1/Editor/Data/MonoBleedingEdge/lib/mono/unityjit'
Mono config path = 'D:/2020.3.19f1/Editor/Data/MonoBleedingEdge/etc'
Using monoOptions --debugger-agent=transport=dt_socket,embedding=1,server=y,suspend=n,address=127.0.0.1:56468
Begin MonoManager ReloadAssembly
Registering precompiled unity dll's ...
Register platform support module: D:/2020.3.19f1/Editor/Data/PlaybackEngines/WindowsStandaloneSupport/UnityEditor.WindowsStandalone.Extensions.dll
Registered in 0.001762 seconds.
Native extension for WindowsStandalone target not found
Refreshing native plugins compatible for Editor in 48.10 ms, found 2 plugins.
Preloading 0 native plugins for Editor in 0.00 ms.
Mono: successfully reloaded assembly
- Completed reload, in  1.859 seconds
Domain Reload Profiling:
	ReloadAssembly (1859ms)
		BeginReloadAssembly (107ms)
			ExecutionOrderSort (0ms)
			DisableScriptedObjects (0ms)
			BackupInstance (0ms)
			ReleaseScriptingObjects (0ms)
			CreateAndSetChildDomain (1ms)
		EndReloadAssembly (433ms)
			LoadAssemblies (107ms)
			RebuildTransferFunctionScriptingTraits (0ms)
			SetupTypeCache (164ms)
			ReleaseScriptCaches (0ms)
			RebuildScriptCaches (32ms)
			SetupLoadedEditorAssemblies (178ms)
				LogAssemblyErrors (0ms)
				InitializePlatformSupportModulesInManaged (4ms)
				SetLoadedEditorAssemblies (0ms)
				RefreshPlugins (48ms)
				BeforeProcessingInitializeOnLoad (12ms)
				ProcessInitializeOnLoadAttributes (82ms)
				ProcessInitializeOnLoadMethodAttributes (32ms)
				AfterProcessingInitializeOnLoad (0ms)
				EditorAssembliesLoaded (0ms)
			ExecutionOrderSort2 (0ms)
			AwakeInstancesAfterBackupRestoration (0ms)
Platform modules already initialized, skipping
Registering precompiled user dll's ...
Registered in 0.006108 seconds.
Begin MonoManager ReloadAssembly
Native extension for WindowsStandalone target not found
Refreshing native plugins compatible for Editor in 47.06 ms, found 2 plugins.
Preloading 0 native plugins for Editor in 0.00 ms.
Mono: successfully reloaded assembly
- Completed reload, in  1.323 seconds
Domain Reload Profiling:
	ReloadAssembly (1324ms)
		BeginReloadAssembly (227ms)
			ExecutionOrderSort (0ms)
			DisableScriptedObjects (6ms)
			BackupInstance (0ms)
			ReleaseScriptingObjects (0ms)
			CreateAndSetChildDomain (18ms)
		EndReloadAssembly (1013ms)
			LoadAssemblies (191ms)
			RebuildTransferFunctionScriptingTraits (0ms)
			SetupTypeCache (391ms)
			ReleaseScriptCaches (1ms)
			RebuildScriptCaches (47ms)
			SetupLoadedEditorAssemblies (333ms)
				LogAssemblyErrors (0ms)
				InitializePlatformSupportModulesInManaged (4ms)
				SetLoadedEditorAssemblies (0ms)
				RefreshPlugins (47ms)
				BeforeProcessingInitializeOnLoad (76ms)
				ProcessInitializeOnLoadAttributes (195ms)
				ProcessInitializeOnLoadMethodAttributes (5ms)
				AfterProcessingInitializeOnLoad (4ms)
				EditorAssembliesLoaded (0ms)
			ExecutionOrderSort2 (0ms)
			AwakeInstancesAfterBackupRestoration (6ms)
Platform modules already initialized, skipping
========================================================================
Worker process is ready to serve import requests
Launched and connected shader compiler UnityShaderCompiler.exe after 0.08 seconds
Refreshing native plugins compatible for Editor in 0.48 ms, found 2 plugins.
Preloading 0 native plugins for Editor in 0.00 ms.
Unloading 2702 Unused Serialized files (Serialized files now loaded: 0)
System memory in use before: 123.5 MB.
System memory in use after: 123.7 MB.

Unloading 17 unused Assets to reduce memory usage. Loaded Objects now: 3137.
Total: 3.090500 ms (FindLiveObjects: 0.212900 ms CreateObjectMapping: 0.101000 ms MarkObjects: 2.700500 ms  DeleteObjects: 0.075300 ms)

AssetImportParameters requested are different than current active one (requested -> active):
  custom:framework-win-MediaFoundation: 216162199b28c13a410421893ffa2e32 -> 
  custom:video-decoder-ogg-theora: a1e56fd34408186e4bbccfd4996cb3dc -> 
  custom:container-muxer-webm: aa71ff27fc2769a1b78a27578f13a17b -> 
  custom:container-demuxer-webm: 4f35f7cbe854078d1ac9338744f61a02 -> 
  custom:container-demuxer-ogg: 62fdf1f143b41e24485cea50d1cbac27 -> 
  custom:video-encoder-webm-vp8: eb34c28f22e8b96e1ab97ce403110664 -> 
  custom:video-codec-MediaFoundation-h265: 746d11721c4dcdbdad8f713fa42b33f4 -> 
  custom:video-decoder-webm-vp8: 9c59270c3fd7afecdb556c50c9e8de78 -> 
  custom:audio-decoder-ogg-vorbis: bf7c407c2cedff20999df2af8eb42d56 -> 
  custom:audio-encoder-webm-vorbis: bf7c407c2cedff20999df2af8eb42d56 -> 
========================================================================
Received Import Request.
  path: Assets/3D/Environment/Rocks
  artifactKey: Guid(977a845c041bc6546831ebd93831e2f7) Importer(815301076,1909f56bfc062723c751e8b465ee728b)
Start importing Assets/3D/Environment/Rocks using Guid(977a845c041bc6546831ebd93831e2f7) Importer(815301076,1909f56bfc062723c751e8b465ee728b)  -> (artifact id: '053c975ae44a675e15b23797210e4a48') in 0.009975 seconds 
  Import took 0.014174 seconds .

========================================================================
Received Import Request.
  Time since last request: 11.930691 seconds.
  path: Assets/3D/Environment/Vegetation/Rock_1a.fbx
  artifactKey: Guid(24c09b0eb3c14bb45ba36221dc577586) Importer(815301076,1909f56bfc062723c751e8b465ee728b)
Start importing Assets/3D/Environment/Vegetation/Rock_1a.fbx using Guid(24c09b0eb3c14bb45ba36221dc577586) Importer(815301076,1909f56bfc062723c751e8b465ee728b)  -> (artifact id: 'b6baca7001a7ac18788d505568141cd4') in 0.377433 seconds 
  Import took 0.381895 seconds .

========================================================================
Received Import Request.
  Time since last request: 17.261299 seconds.
  path: Assets/3D/Environment/Vegetation/Plant_4b.fbx
  artifactKey: Guid(76d18f07260493446a2592e0b9014608) Importer(815301076,1909f56bfc062723c751e8b465ee728b)
Start importing Assets/3D/Environment/Vegetation/Plant_4b.fbx using Guid(76d18f07260493446a2592e0b9014608) Importer(815301076,1909f56bfc062723c751e8b465ee728b)  -> (artifact id: '8e66adbebf8630038b77f28cc94302fa') in 0.030812 seconds 
  Import took 0.035825 seconds .

========================================================================
Received Import Request.
  Time since last request: 1.711422 seconds.
  path: Assets/3D/Environment/Vegetation/Grass_1a.fbx
  artifactKey: Guid(27c37b2f18b78cb4fa4965131652dc6c) Importer(815301076,1909f56bfc062723c751e8b465ee728b)
Start importing Assets/3D/Environment/Vegetation/Grass_1a.fbx using Guid(27c37b2f18b78cb4fa4965131652dc6c) Importer(815301076,1909f56bfc062723c751e8b465ee728b)  -> (artifact id: '8f4382142d4edc5e04bf216de95a9363') in 0.029111 seconds 
  Import took 0.135876 seconds .

========================================================================
Received Import Request.
  Time since last request: 1.262195 seconds.
  path: Assets/3D/Environment/Vegetation/Tree_1a.fbx
  artifactKey: Guid(78e39d44476584547a1c247b2ebdac59) Importer(815301076,1909f56bfc062723c751e8b465ee728b)
Start importing Assets/3D/Environment/Vegetation/Tree_1a.fbx using Guid(78e39d44476584547a1c247b2ebdac59) Importer(815301076,1909f56bfc062723c751e8b465ee728b)  -> (artifact id: 'fce59d6e961c4afee6d58bae108f0ad5') in 0.025162 seconds 
  Import took 0.163263 seconds .

========================================================================
Received Import Request.
  Time since last request: 54.922045 seconds.
  path: Assets/3D/Environment/Vegetation/Tree_1a.fbx
  artifactKey: Guid(78e39d44476584547a1c247b2ebdac59) Importer(815301076,1909f56bfc062723c751e8b465ee728b)
Start importing Assets/3D/Environment/Vegetation/Tree_1a.fbx using Guid(78e39d44476584547a1c247b2ebdac59) Importer(815301076,1909f56bfc062723c751e8b465ee728b)  -> (artifact id: 'b23c4d97abfa477491e601a86d347239') in 0.023120 seconds 
  Import took 0.030088 seconds .

========================================================================
Received Import Request.
  Time since last request: 15.181339 seconds.
  path: Assets/3D/Environment/Rocks/Rock_1a.fbx
  artifactKey: Guid(24c09b0eb3c14bb45ba36221dc577586) Importer(815301076,1909f56bfc062723c751e8b465ee728b)
Start importing Assets/3D/Environment/Rocks/Rock_1a.fbx using Guid(24c09b0eb3c14bb45ba36221dc577586) Importer(815301076,1909f56bfc062723c751e8b465ee728b)  -> (artifact id: '45a6a69921882751b11fb87289d29662') in 0.023007 seconds 
  Import took 0.028241 seconds .

========================================================================
Received Import Request.
  Time since last request: 54.655507 seconds.
  path: Assets/3D/Environment/Vegetation/Grass_1a.fbx
  artifactKey: Guid(27c37b2f18b78cb4fa4965131652dc6c) Importer(815301076,1909f56bfc062723c751e8b465ee728b)
Start importing Assets/3D/Environment/Vegetation/Grass_1a.fbx using Guid(27c37b2f18b78cb4fa4965131652dc6c) Importer(815301076,1909f56bfc062723c751e8b465ee728b)  -> (artifact id: 'a6c699c996307a557758084c2e85f750') in 0.025395 seconds 
  Import took 0.050546 seconds .

========================================================================
Received Import Request.
  Time since last request: 0.000253 seconds.
  path: Assets/3D/Environment/Rocks/Rock_1b.fbx
  artifactKey: Guid(2785f6165c760db4db4e5656a707c540) Importer(815301076,1909f56bfc062723c751e8b465ee728b)
Start importing Assets/3D/Environment/Rocks/Rock_1b.fbx using Guid(2785f6165c760db4db4e5656a707c540) Importer(815301076,1909f56bfc062723c751e8b465ee728b)  -> (artifact id: '1cd0ad145fc820882b38b50caea0720b') in 0.033416 seconds 
  Import took 0.038645 seconds .

========================================================================
Received Import Request.
  Time since last request: 0.000268 seconds.
  path: Assets/3D/Environment/Vegetation/Grass_1b.fbx
  artifactKey: Guid(83c330df952f01949b842ebaf3a2b7ff) Importer(815301076,1909f56bfc062723c751e8b465ee728b)
Start importing Assets/3D/Environment/Vegetation/Grass_1b.fbx using Guid(83c330df952f01949b842ebaf3a2b7ff) Importer(815301076,1909f56bfc062723c751e8b465ee728b)  -> (artifact id: 'ccf57bbab604c30990d09469d42c4616') in 0.029885 seconds 
  Import took 0.034668 seconds .

========================================================================
Received Import Request.
  Time since last request: 0.000231 seconds.
  path: Assets/3D/Environment/Vegetation/Grass_1c.fbx
  artifactKey: Guid(ee21e288c81c00a46b14dd0b261585c9) Importer(815301076,1909f56bfc062723c751e8b465ee728b)
Start importing Assets/3D/Environment/Vegetation/Grass_1c.fbx using Guid(ee21e288c81c00a46b14dd0b261585c9) Importer(815301076,1909f56bfc062723c751e8b465ee728b)  -> (artifact id: 'b3a3db85335248840e806c2dfed28f5a') in 0.028711 seconds 
  Import took 0.033487 seconds .

========================================================================
Received Import Request.
  Time since last request: 0.000262 seconds.
  path: Assets/3D/Environment/Vegetation/Grass_1d.fbx
  artifactKey: Guid(cb846fee5faf7314c802501b96740c29) Importer(815301076,1909f56bfc062723c751e8b465ee728b)
Start importing Assets/3D/Environment/Vegetation/Grass_1d.fbx using Guid(cb846fee5faf7314c802501b96740c29) Importer(815301076,1909f56bfc062723c751e8b465ee728b)  -> (artifact id: '13947133c75aae5cbe6e82f33b45a8fb') in 0.028871 seconds 
  Import took 0.034140 seconds .

========================================================================
Received Import Request.
  Time since last request: 0.000256 seconds.
  path: Assets/3D/Environment/Vegetation/Liana_1a.fbx
  artifactKey: Guid(185058f7b9718ad49948c3dd096586bf) Importer(815301076,1909f56bfc062723c751e8b465ee728b)
Start importing Assets/3D/Environment/Vegetation/Liana_1a.fbx using Guid(185058f7b9718ad49948c3dd096586bf) Importer(815301076,1909f56bfc062723c751e8b465ee728b)  -> (artifact id: '67d755d9055dd44927f97b57cd717b07') in 0.031669 seconds 
  Import took 0.037177 seconds .

========================================================================
Received Import Request.
  Time since last request: 0.000277 seconds.
  path: Assets/3D/Environment/Rocks/Stone_Small_1b.fbx
  artifactKey: Guid(260229390c31a5c4cad3abf564f1bd12) Importer(815301076,1909f56bfc062723c751e8b465ee728b)
Start importing Assets/3D/Environment/Rocks/Stone_Small_1b.fbx using Guid(260229390c31a5c4cad3abf564f1bd12) Importer(815301076,1909f56bfc062723c751e8b465ee728b)  -> (artifact id: 'c8744a9fa73e990536d2c2da89d7309d') in 0.033961 seconds 
  Import took 0.053747 seconds .

========================================================================
Received Import Request.
  Time since last request: 0.000243 seconds.
  path: Assets/3D/Environment/Rocks/Stone_Small_1c.fbx
  artifactKey: Guid(7413f2fb8b455144aa1814993ef4323f) Importer(815301076,1909f56bfc062723c751e8b465ee728b)
Start importing Assets/3D/Environment/Rocks/Stone_Small_1c.fbx using Guid(7413f2fb8b455144aa1814993ef4323f) Importer(815301076,1909f56bfc062723c751e8b465ee728b)  -> (artifact id: 'cbdf76b9a851fec95a9a1c20956001d5') in 0.025578 seconds 
  Import took 0.030251 seconds .

========================================================================
Received Import Request.
  Time since last request: 0.000311 seconds.
  path: Assets/3D/Environment/Vegetation/Plant_4b.fbx
  artifactKey: Guid(76d18f07260493446a2592e0b9014608) Importer(815301076,1909f56bfc062723c751e8b465ee728b)
Start importing Assets/3D/Environment/Vegetation/Plant_4b.fbx using Guid(76d18f07260493446a2592e0b9014608) Importer(815301076,1909f56bfc062723c751e8b465ee728b)  -> (artifact id: '0f15e965bfcc712b835d2409daf41581') in 0.022724 seconds 
  Import took 0.026993 seconds .

========================================================================
Received Import Request.
  Time since last request: 0.000252 seconds.
  path: Assets/3D/Environment/Rocks/Stone_1b.fbx
  artifactKey: Guid(8aeb4a4c9791dfe4c80942b14f129863) Importer(815301076,1909f56bfc062723c751e8b465ee728b)
Start importing Assets/3D/Environment/Rocks/Stone_1b.fbx using Guid(8aeb4a4c9791dfe4c80942b14f129863) Importer(815301076,1909f56bfc062723c751e8b465ee728b)  -> (artifact id: 'ef921cf41aba02fbd2fa7a0ad2c07960') in 0.029102 seconds 
  Import took 0.033906 seconds .

========================================================================
Received Import Request.
  Time since last request: 0.000219 seconds.
  path: Assets/3D/Environment/Vegetation/Plant_4c.fbx
  artifactKey: Guid(36e189fb999612047a3a061d0126d3f9) Importer(815301076,1909f56bfc062723c751e8b465ee728b)
Start importing Assets/3D/Environment/Vegetation/Plant_4c.fbx using Guid(36e189fb999612047a3a061d0126d3f9) Importer(815301076,1909f56bfc062723c751e8b465ee728b)  -> (artifact id: '7a0892b70990666b2bfffbe2ad4b5a08') in 0.027282 seconds 
  Import took 0.032450 seconds .

========================================================================
Received Import Request.
  Time since last request: 0.000222 seconds.
  path: Assets/3D/Environment/Rocks/Stone_1d.fbx
  artifactKey: Guid(0b4cbc41d4c7330489ff094f370d754d) Importer(815301076,1909f56bfc062723c751e8b465ee728b)
Start importing Assets/3D/Environment/Rocks/Stone_1d.fbx using Guid(0b4cbc41d4c7330489ff094f370d754d) Importer(815301076,1909f56bfc062723c751e8b465ee728b)  -> (artifact id: '31efecff5474c85b1edfd695e512d7a2') in 0.026471 seconds 
  Import took 0.033506 seconds .

========================================================================
Received Import Request.
  Time since last request: 0.000239 seconds.
  path: Assets/3D/Environment/Vegetation/Liana_1c.fbx
  artifactKey: Guid(547164e6d58a31549ae48d4a312b6285) Importer(815301076,1909f56bfc062723c751e8b465ee728b)
Start importing Assets/3D/Environment/Vegetation/Liana_1c.fbx using Guid(547164e6d58a31549ae48d4a312b6285) Importer(815301076,1909f56bfc062723c751e8b465ee728b)  -> (artifact id: '49a971459ede662b09539f224d868dda') in 0.029144 seconds 
  Import took 0.043030 seconds .

========================================================================
Received Import Request.
  Time since last request: 0.000210 seconds.
  path: Assets/3D/Environment/Rocks/Stone_Small_1a.fbx
  artifactKey: Guid(3212b469c936e414e9d853b1f802fcb8) Importer(815301076,1909f56bfc062723c751e8b465ee728b)
Start importing Assets/3D/Environment/Rocks/Stone_Small_1a.fbx using Guid(3212b469c936e414e9d853b1f802fcb8) Importer(815301076,1909f56bfc062723c751e8b465ee728b)  -> (artifact id: 'd99b93289f7cf21aa20bb22f6be1962e') in 0.028989 seconds 
  Import took 0.034822 seconds .

========================================================================
Received Import Request.
  Time since last request: 0.000257 seconds.
  path: Assets/3D/Environment/Vegetation/Liana_1b.fbx
  artifactKey: Guid(d513e1de9938684448bd66ca14cce442) Importer(815301076,1909f56bfc062723c751e8b465ee728b)
Start importing Assets/3D/Environment/Vegetation/Liana_1b.fbx using Guid(d513e1de9938684448bd66ca14cce442) Importer(815301076,1909f56bfc062723c751e8b465ee728b)  -> (artifact id: 'd11c9b16c004043edb0551b926b166de') in 0.027282 seconds 
  Import took 0.031412 seconds .

========================================================================
Received Import Request.
  Time since last request: 0.000251 seconds.
  path: Assets/3D/Environment/Rocks/Stone_1a.fbx
  artifactKey: Guid(3cc1212147cfce94296d464876db2e08) Importer(815301076,1909f56bfc062723c751e8b465ee728b)
Start importing Assets/3D/Environment/Rocks/Stone_1a.fbx using Guid(3cc1212147cfce94296d464876db2e08) Importer(815301076,1909f56bfc062723c751e8b465ee728b)  -> (artifact id: 'bd5747bf751c77ab081dea68fa8ea0be') in 0.028047 seconds 
  Import took 0.033541 seconds .

========================================================================
Received Import Request.
  Time since last request: 0.000279 seconds.
  path: Assets/3D/Environment/Vegetation/Plant_4a.fbx
  artifactKey: Guid(d15f1e184e92f5e449b23fec10ec67f4) Importer(815301076,1909f56bfc062723c751e8b465ee728b)
Start importing Assets/3D/Environment/Vegetation/Plant_4a.fbx using Guid(d15f1e184e92f5e449b23fec10ec67f4) Importer(815301076,1909f56bfc062723c751e8b465ee728b)  -> (artifact id: '2623c228d1596b49783c5af57e294c71') in 0.028574 seconds 
  Import took 0.034066 seconds .

========================================================================
Received Import Request.
  Time since last request: 0.000250 seconds.
  path: Assets/3D/Environment/Vegetation/Plant_4d.fbx
  artifactKey: Guid(bae77d1f82cc45741bfe350b138109fb) Importer(815301076,1909f56bfc062723c751e8b465ee728b)
Start importing Assets/3D/Environment/Vegetation/Plant_4d.fbx using Guid(bae77d1f82cc45741bfe350b138109fb) Importer(815301076,1909f56bfc062723c751e8b465ee728b)  -> (artifact id: 'ece52a3f2c82b2a6b52ad1234940828a') in 0.027411 seconds 
  Import took 0.031496 seconds .

========================================================================
Received Import Request.
  Time since last request: 0.000316 seconds.
  path: Assets/3D/Environment/Rocks/Stone_1c.fbx
  artifactKey: Guid(9e456e49803b3a24f8aef39eff96e6cf) Importer(815301076,1909f56bfc062723c751e8b465ee728b)
Start importing Assets/3D/Environment/Rocks/Stone_1c.fbx using Guid(9e456e49803b3a24f8aef39eff96e6cf) Importer(815301076,1909f56bfc062723c751e8b465ee728b)  -> (artifact id: 'de23ddbea544c4691edd1c978efee4ef') in 0.031400 seconds 
  Import took 0.063919 seconds .

========================================================================
Received Import Request.
  Time since last request: 45.188249 seconds.
  path: Assets/3D/Environment/Rocks/Rock_1b.fbx
  artifactKey: Guid(2785f6165c760db4db4e5656a707c540) Importer(815301076,1909f56bfc062723c751e8b465ee728b)
Start importing Assets/3D/Environment/Rocks/Rock_1b.fbx using Guid(2785f6165c760db4db4e5656a707c540) Importer(815301076,1909f56bfc062723c751e8b465ee728b)  -> (artifact id: '8f534182aa95ab41822b4aae5a9e445b') in 0.024574 seconds 
  Import took 0.029374 seconds .

========================================================================
Received Import Request.
  Time since last request: 5.510680 seconds.
  path: Assets/3D/Environment/Rocks/Stone_1a.fbx
  artifactKey: Guid(3cc1212147cfce94296d464876db2e08) Importer(815301076,1909f56bfc062723c751e8b465ee728b)
Start importing Assets/3D/Environment/Rocks/Stone_1a.fbx using Guid(3cc1212147cfce94296d464876db2e08) Importer(815301076,1909f56bfc062723c751e8b465ee728b)  -> (artifact id: 'f8ce8ad3734336460fe4434fcb9f9a6d') in 0.035012 seconds 
  Import took 0.065292 seconds .

========================================================================
Received Import Request.
  Time since last request: 4.379992 seconds.
  path: Assets/3D/Environment/Rocks/Stone_1b.fbx
  artifactKey: Guid(8aeb4a4c9791dfe4c80942b14f129863) Importer(815301076,1909f56bfc062723c751e8b465ee728b)
Start importing Assets/3D/Environment/Rocks/Stone_1b.fbx using Guid(8aeb4a4c9791dfe4c80942b14f129863) Importer(815301076,1909f56bfc062723c751e8b465ee728b)  -> (artifact id: '6c7cc865c95a98d4eac1166d3b8be438') in 0.026416 seconds 
  Import took 0.030853 seconds .

========================================================================
Received Import Request.
  Time since last request: 4.315812 seconds.
  path: Assets/3D/Environment/Rocks/Stone_1c.fbx
  artifactKey: Guid(9e456e49803b3a24f8aef39eff96e6cf) Importer(815301076,1909f56bfc062723c751e8b465ee728b)
Start importing Assets/3D/Environment/Rocks/Stone_1c.fbx using Guid(9e456e49803b3a24f8aef39eff96e6cf) Importer(815301076,1909f56bfc062723c751e8b465ee728b)  -> (artifact id: '7999b3da471edc37f6e0bf872751d5f3') in 0.027347 seconds 
  Import took 0.054234 seconds .

========================================================================
Received Import Request.
  Time since last request: 6.085888 seconds.
  path: Assets/3D/Environment/Rocks/Stone_1d.fbx
  artifactKey: Guid(0b4cbc41d4c7330489ff094f370d754d) Importer(815301076,1909f56bfc062723c751e8b465ee728b)
Start importing Assets/3D/Environment/Rocks/Stone_1d.fbx using Guid(0b4cbc41d4c7330489ff094f370d754d) Importer(815301076,1909f56bfc062723c751e8b465ee728b)  -> (artifact id: '41b160166b3bd0acae473274001140b7') in 0.026591 seconds 
  Import took 0.056535 seconds .

========================================================================
Received Import Request.
  Time since last request: 5.774501 seconds.
  path: Assets/3D/Environment/Rocks/Stone_Small_1a.fbx
  artifactKey: Guid(3212b469c936e414e9d853b1f802fcb8) Importer(815301076,1909f56bfc062723c751e8b465ee728b)
Start importing Assets/3D/Environment/Rocks/Stone_Small_1a.fbx using Guid(3212b469c936e414e9d853b1f802fcb8) Importer(815301076,1909f56bfc062723c751e8b465ee728b)  -> (artifact id: '2cec716e66ec2d729b2b4ecfeba87483') in 0.021686 seconds 
  Import took 0.057745 seconds .

========================================================================
Received Import Request.
  Time since last request: 4.040711 seconds.
  path: Assets/3D/Environment/Rocks/Stone_Small_1b.fbx
  artifactKey: Guid(260229390c31a5c4cad3abf564f1bd12) Importer(815301076,1909f56bfc062723c751e8b465ee728b)
Start importing Assets/3D/Environment/Rocks/Stone_Small_1b.fbx using Guid(260229390c31a5c4cad3abf564f1bd12) Importer(815301076,1909f56bfc062723c751e8b465ee728b)  -> (artifact id: '956cf25a4de9ad4ab474363440a8cb36') in 0.024120 seconds 
  Import took 0.029705 seconds .

========================================================================
Received Import Request.
  Time since last request: 4.462797 seconds.
  path: Assets/3D/Environment/Rocks/Stone_Small_1c.fbx
  artifactKey: Guid(7413f2fb8b455144aa1814993ef4323f) Importer(815301076,1909f56bfc062723c751e8b465ee728b)
Start importing Assets/3D/Environment/Rocks/Stone_Small_1c.fbx using Guid(7413f2fb8b455144aa1814993ef4323f) Importer(815301076,1909f56bfc062723c751e8b465ee728b)  -> (artifact id: '1d23e78f0971581213dcb33a3eff5c8b') in 0.023813 seconds 
  Import took 0.030441 seconds .

========================================================================
Received Import Request.
  Time since last request: 6.646842 seconds.
  path: Assets/3D/Environment/Rocks/Rock_1a.fbx
  artifactKey: Guid(24c09b0eb3c14bb45ba36221dc577586) Importer(815301076,1909f56bfc062723c751e8b465ee728b)
Start importing Assets/3D/Environment/Rocks/Rock_1a.fbx using Guid(24c09b0eb3c14bb45ba36221dc577586) Importer(815301076,1909f56bfc062723c751e8b465ee728b)  -> (artifact id: 'ecf856c1cd6e886481300e35ceb5527c') in 0.024857 seconds 
  Import took 0.029473 seconds .

========================================================================
Received Import Request.
  Time since last request: 4.754632 seconds.
  path: Assets/3D/Environment/Vegetation/Tree_2b.fbx
  artifactKey: Guid(b0600f22fa059804292dfd7e3f305499) Importer(815301076,1909f56bfc062723c751e8b465ee728b)
Start importing Assets/3D/Environment/Vegetation/Tree_2b.fbx using Guid(b0600f22fa059804292dfd7e3f305499) Importer(815301076,1909f56bfc062723c751e8b465ee728b)  -> (artifact id: '622da899ae4a5639c4ace5d42fccd05b') in 0.042086 seconds 
  Import took 0.047165 seconds .

========================================================================
Received Import Request.
  Time since last request: 0.459307 seconds.
  path: Assets/3D/Environment/Vegetation/Tree_1c.fbx
  artifactKey: Guid(b9a84ec2c260d694b9520f7a72aa8dd5) Importer(815301076,1909f56bfc062723c751e8b465ee728b)
Start importing Assets/3D/Environment/Vegetation/Tree_1c.fbx using Guid(b9a84ec2c260d694b9520f7a72aa8dd5) Importer(815301076,1909f56bfc062723c751e8b465ee728b)  -> (artifact id: '854dc8f11d881848d768008619658d55') in 0.025505 seconds 
  Import took 0.029734 seconds .

========================================================================
Received Import Request.
  Time since last request: 2.582409 seconds.
  path: Assets/3D/Environment/Vegetation/Plant_3.fbx
  artifactKey: Guid(8b1585b7897496d43aa2efd037aa9ec9) Importer(815301076,1909f56bfc062723c751e8b465ee728b)
Start importing Assets/3D/Environment/Vegetation/Plant_3.fbx using Guid(8b1585b7897496d43aa2efd037aa9ec9) Importer(815301076,1909f56bfc062723c751e8b465ee728b)  -> (artifact id: 'f247224da1f826affb149fe574b407e1') in 0.064308 seconds 
  Import took 0.069054 seconds .

========================================================================
Received Import Request.
  Time since last request: 1.392813 seconds.
  path: Assets/3D/Environment/Vegetation/Plant_2.fbx
  artifactKey: Guid(f2a6cc5c1182626469449acc5c9af7b7) Importer(815301076,1909f56bfc062723c751e8b465ee728b)
Start importing Assets/3D/Environment/Vegetation/Plant_2.fbx using Guid(f2a6cc5c1182626469449acc5c9af7b7) Importer(815301076,1909f56bfc062723c751e8b465ee728b)  -> (artifact id: '2a16a9b1a008effa3b0a3ea36395f6d8') in 0.029696 seconds 
  Import took 0.034334 seconds .

========================================================================
Received Import Request.
  Time since last request: 0.397428 seconds.
  path: Assets/3D/Environment/Vegetation/Plant_1b.fbx
  artifactKey: Guid(044278ba810d2ec4191a83d5317d9696) Importer(815301076,1909f56bfc062723c751e8b465ee728b)
Start importing Assets/3D/Environment/Vegetation/Plant_1b.fbx using Guid(044278ba810d2ec4191a83d5317d9696) Importer(815301076,1909f56bfc062723c751e8b465ee728b)  -> (artifact id: 'e441f6a892339ddb477659039c28e1ff') in 0.050267 seconds 
  Import took 0.072449 seconds .

========================================================================
Received Import Request.
  Time since last request: 0.285694 seconds.
  path: Assets/3D/Environment/Vegetation/Plant_1a.fbx
  artifactKey: Guid(63020d28bbc606f459ad16046d65e82f) Importer(815301076,1909f56bfc062723c751e8b465ee728b)
Start importing Assets/3D/Environment/Vegetation/Plant_1a.fbx using Guid(63020d28bbc606f459ad16046d65e82f) Importer(815301076,1909f56bfc062723c751e8b465ee728b)  -> (artifact id: '689217daf5e20e85441ba66f7e75b7be') in 0.023002 seconds 
  Import took 0.027794 seconds .

========================================================================
Received Import Request.
  Time since last request: 17.075356 seconds.
  path: Assets/3D/Environment/Vegetation/Nenuphar_G2.fbx
  artifactKey: Guid(c05149fffadf3eb4ca16993878c5ff95) Importer(815301076,1909f56bfc062723c751e8b465ee728b)
Start importing Assets/3D/Environment/Vegetation/Nenuphar_G2.fbx using Guid(c05149fffadf3eb4ca16993878c5ff95) Importer(815301076,1909f56bfc062723c751e8b465ee728b)  -> (artifact id: '2fe42b49f6b09718b3c092bd3abb6355') in 0.030319 seconds 
  Import took 0.034863 seconds .

========================================================================
Received Import Request.
  Time since last request: 0.495022 seconds.
  path: Assets/3D/Environment/Vegetation/Nenuphar_G1.fbx
  artifactKey: Guid(d4ae1bf19b54715469dbcf43888875fc) Importer(815301076,1909f56bfc062723c751e8b465ee728b)
Start importing Assets/3D/Environment/Vegetation/Nenuphar_G1.fbx using Guid(d4ae1bf19b54715469dbcf43888875fc) Importer(815301076,1909f56bfc062723c751e8b465ee728b)  -> (artifact id: 'f95438335490859357b9729e72d0c94d') in 0.045327 seconds 
  Import took 0.049545 seconds .

========================================================================
Received Import Request.
  Time since last request: 0.610006 seconds.
  path: Assets/3D/Environment/Vegetation/Nenuphar_1.fbx
  artifactKey: Guid(33410b5b1f9cfb543a2ac8453811195d) Importer(815301076,1909f56bfc062723c751e8b465ee728b)
Start importing Assets/3D/Environment/Vegetation/Nenuphar_1.fbx using Guid(33410b5b1f9cfb543a2ac8453811195d) Importer(815301076,1909f56bfc062723c751e8b465ee728b)  -> (artifact id: '5c94f56e43390c9cf1b8b5167171ddf1') in 0.070941 seconds 
  Import took 0.075720 seconds .

========================================================================
Received Import Request.
  Time since last request: 22.059828 seconds.
  path: Assets/3D/Environment/Vegetation/Grass_1a.fbx
  artifactKey: Guid(27c37b2f18b78cb4fa4965131652dc6c) Importer(815301076,1909f56bfc062723c751e8b465ee728b)
Start importing Assets/3D/Environment/Vegetation/Grass_1a.fbx using Guid(27c37b2f18b78cb4fa4965131652dc6c) Importer(815301076,1909f56bfc062723c751e8b465ee728b)  -> (artifact id: 'c34761173d89fbd6a9dc0bc150bf36ba') in 0.026769 seconds 
  Import took 0.051085 seconds .

========================================================================
Received Import Request.
  Time since last request: 5.108172 seconds.
  path: Assets/3D/Environment/Vegetation/Grass_1b.fbx
  artifactKey: Guid(83c330df952f01949b842ebaf3a2b7ff) Importer(815301076,1909f56bfc062723c751e8b465ee728b)
Start importing Assets/3D/Environment/Vegetation/Grass_1b.fbx using Guid(83c330df952f01949b842ebaf3a2b7ff) Importer(815301076,1909f56bfc062723c751e8b465ee728b)  -> (artifact id: '8fc1a96d8d9d876b6200d2eba27933b8') in 0.029517 seconds 
  Import took 0.035217 seconds .

========================================================================
Received Import Request.
  Time since last request: 4.508693 seconds.
  path: Assets/3D/Environment/Vegetation/Grass_1c.fbx
  artifactKey: Guid(ee21e288c81c00a46b14dd0b261585c9) Importer(815301076,1909f56bfc062723c751e8b465ee728b)
Start importing Assets/3D/Environment/Vegetation/Grass_1c.fbx using Guid(ee21e288c81c00a46b14dd0b261585c9) Importer(815301076,1909f56bfc062723c751e8b465ee728b)  -> (artifact id: 'd41c1c463f2c10f599ca5a8b77997e08') in 0.019231 seconds 
  Import took 0.045580 seconds .

========================================================================
Received Import Request.
  Time since last request: 5.384301 seconds.
  path: Assets/3D/Environment/Vegetation/Grass_1d.fbx
  artifactKey: Guid(cb846fee5faf7314c802501b96740c29) Importer(815301076,1909f56bfc062723c751e8b465ee728b)
Start importing Assets/3D/Environment/Vegetation/Grass_1d.fbx using Guid(cb846fee5faf7314c802501b96740c29) Importer(815301076,1909f56bfc062723c751e8b465ee728b)  -> (artifact id: '8d1aa4a49aae100a7ecbdf870255c2d9') in 0.023788 seconds 
  Import took 0.028597 seconds .

========================================================================
Received Import Request.
  Time since last request: 5.704466 seconds.
  path: Assets/3D/Environment/Vegetation/Liana_1a.fbx
  artifactKey: Guid(185058f7b9718ad49948c3dd096586bf) Importer(815301076,1909f56bfc062723c751e8b465ee728b)
Start importing Assets/3D/Environment/Vegetation/Liana_1a.fbx using Guid(185058f7b9718ad49948c3dd096586bf) Importer(815301076,1909f56bfc062723c751e8b465ee728b)  -> (artifact id: 'c72868f5242ea26f7df530812acacc8c') in 0.035832 seconds 
  Import took 0.040689 seconds .

========================================================================
Received Import Request.
  Time since last request: 4.806661 seconds.
  path: Assets/3D/Environment/Vegetation/Liana_1b.fbx
  artifactKey: Guid(d513e1de9938684448bd66ca14cce442) Importer(815301076,1909f56bfc062723c751e8b465ee728b)
Start importing Assets/3D/Environment/Vegetation/Liana_1b.fbx using Guid(d513e1de9938684448bd66ca14cce442) Importer(815301076,1909f56bfc062723c751e8b465ee728b)  -> (artifact id: '7095986d62cc5716feedcbe301cbedab') in 0.021189 seconds 
  Import took 0.049458 seconds .

========================================================================
Received Import Request.
  Time since last request: 4.781210 seconds.
  path: Assets/3D/Environment/Vegetation/Liana_1c.fbx
  artifactKey: Guid(547164e6d58a31549ae48d4a312b6285) Importer(815301076,1909f56bfc062723c751e8b465ee728b)
Start importing Assets/3D/Environment/Vegetation/Liana_1c.fbx using Guid(547164e6d58a31549ae48d4a312b6285) Importer(815301076,1909f56bfc062723c751e8b465ee728b)  -> (artifact id: '07094255f2c0c311b0dbdc3ab699cea9') in 0.022074 seconds 
  Import took 0.050325 seconds .

========================================================================
Received Import Request.
  Time since last request: 187.881061 seconds.
  path: Assets/3D/Environment/Vegetation/Plant_1b.fbx
  artifactKey: Guid(044278ba810d2ec4191a83d5317d9696) Importer(815301076,1909f56bfc062723c751e8b465ee728b)
Start importing Assets/3D/Environment/Vegetation/Plant_1b.fbx using Guid(044278ba810d2ec4191a83d5317d9696) Importer(815301076,1909f56bfc062723c751e8b465ee728b)  -> (artifact id: 'c69a18ef7088e01cb6e611aa7235d5a3') in 0.028192 seconds 
  Import took 0.034831 seconds .

========================================================================
Received Import Request.
  Time since last request: 6.196335 seconds.
  path: Assets/3D/Environment/Vegetation/Plant_1a.fbx
  artifactKey: Guid(63020d28bbc606f459ad16046d65e82f) Importer(815301076,1909f56bfc062723c751e8b465ee728b)
Start importing Assets/3D/Environment/Vegetation/Plant_1a.fbx using Guid(63020d28bbc606f459ad16046d65e82f) Importer(815301076,1909f56bfc062723c751e8b465ee728b)  -> (artifact id: '1443d81618250ce77906293531dd0294') in 0.026079 seconds 
  Import took 0.050169 seconds .

========================================================================
Received Import Request.
  Time since last request: 308.027692 seconds.
  path: Assets/3D/Environment/Vegetation/Plant_4a.fbx
  artifactKey: Guid(d15f1e184e92f5e449b23fec10ec67f4) Importer(815301076,1909f56bfc062723c751e8b465ee728b)
Start importing Assets/3D/Environment/Vegetation/Plant_4a.fbx using Guid(d15f1e184e92f5e449b23fec10ec67f4) Importer(815301076,1909f56bfc062723c751e8b465ee728b)  -> (artifact id: '23a96508f80030edc2e1c0cfc15816cf') in 0.027279 seconds 
  Import took 0.041266 seconds .

========================================================================
Received Import Request.
  Time since last request: 4.919727 seconds.
  path: Assets/3D/Environment/Vegetation/Plant_4b.fbx
  artifactKey: Guid(76d18f07260493446a2592e0b9014608) Importer(815301076,1909f56bfc062723c751e8b465ee728b)
Start importing Assets/3D/Environment/Vegetation/Plant_4b.fbx using Guid(76d18f07260493446a2592e0b9014608) Importer(815301076,1909f56bfc062723c751e8b465ee728b)  -> (artifact id: '719a96beeff52b6208be17f76edb8fda') in 0.022804 seconds 
  Import took 0.029530 seconds .

========================================================================
Received Import Request.
  Time since last request: 6.054761 seconds.
  path: Assets/3D/Environment/Vegetation/Plant_4c.fbx
  artifactKey: Guid(36e189fb999612047a3a061d0126d3f9) Importer(815301076,1909f56bfc062723c751e8b465ee728b)
Start importing Assets/3D/Environment/Vegetation/Plant_4c.fbx using Guid(36e189fb999612047a3a061d0126d3f9) Importer(815301076,1909f56bfc062723c751e8b465ee728b)  -> (artifact id: '3df17004247a9ed678e3a3598dbb3cf3') in 0.025478 seconds 
  Import took 0.053832 seconds .

========================================================================
Received Import Request.
  Time since last request: 4.427541 seconds.
  path: Assets/3D/Environment/Vegetation/Plant_4d.fbx
  artifactKey: Guid(bae77d1f82cc45741bfe350b138109fb) Importer(815301076,1909f56bfc062723c751e8b465ee728b)
Start importing Assets/3D/Environment/Vegetation/Plant_4d.fbx using Guid(bae77d1f82cc45741bfe350b138109fb) Importer(815301076,1909f56bfc062723c751e8b465ee728b)  -> (artifact id: 'c7d9e2f0ef08ea688d398def4030593f') in 0.027016 seconds 
  Import took 0.032681 seconds .

========================================================================
Received Import Request.
  Time since last request: 130.790332 seconds.
  path: Assets/3D/Environment/Vegetation/Tree_1b.fbx
  artifactKey: Guid(696f591a9ce6b7846acf033c68d55ae6) Importer(815301076,1909f56bfc062723c751e8b465ee728b)
Start importing Assets/3D/Environment/Vegetation/Tree_1b.fbx using Guid(696f591a9ce6b7846acf033c68d55ae6) Importer(815301076,1909f56bfc062723c751e8b465ee728b)  -> (artifact id: 'ccc9ef4fd04c243969167c5b66a1917a') in 0.026665 seconds 
  Import took 0.032060 seconds .

========================================================================
Received Import Request.
  Time since last request: 0.030227 seconds.
  path: Assets/3D/Environment/Vegetation/Tree_2a.fbx
  artifactKey: Guid(4c1b62b6e7df77b4684b500a6d01147c) Importer(815301076,1909f56bfc062723c751e8b465ee728b)
Start importing Assets/3D/Environment/Vegetation/Tree_2a.fbx using Guid(4c1b62b6e7df77b4684b500a6d01147c) Importer(815301076,1909f56bfc062723c751e8b465ee728b)  -> (artifact id: 'ff4ea4e6db267405389d26c55b789a40') in 0.046643 seconds 
  Import took 0.071310 seconds .

========================================================================
Received Import Request.
  Time since last request: 0.000256 seconds.
  path: Assets/3D/Environment/Vegetation/Tree_2c.fbx
  artifactKey: Guid(4c07555c6fe995f46ad22df6b4b84865) Importer(815301076,1909f56bfc062723c751e8b465ee728b)
Start importing Assets/3D/Environment/Vegetation/Tree_2c.fbx using Guid(4c07555c6fe995f46ad22df6b4b84865) Importer(815301076,1909f56bfc062723c751e8b465ee728b)  -> (artifact id: 'bd588f8e111e930be57e1e1adc6acb27') in 0.040418 seconds 
  Import took 0.044501 seconds .

========================================================================
Received Import Request.
  Time since last request: 1016.369061 seconds.
  path: Assets/3D/New Folder
  artifactKey: Guid(7a1f1909d1901fe4ab6b4b6a723fd837) Importer(815301076,1909f56bfc062723c751e8b465ee728b)
Start importing Assets/3D/New Folder using Guid(7a1f1909d1901fe4ab6b4b6a723fd837) Importer(815301076,1909f56bfc062723c751e8b465ee728b)  -> (artifact id: '35d8e21f8c8d3ff59119baaf57affe5d') in 0.025111 seconds 
  Import took 0.030865 seconds .

========================================================================
Received Import Request.
  Time since last request: 3.631703 seconds.
  path: Assets/3D/Prefabs
  artifactKey: Guid(7a1f1909d1901fe4ab6b4b6a723fd837) Importer(815301076,1909f56bfc062723c751e8b465ee728b)
Start importing Assets/3D/Prefabs using Guid(7a1f1909d1901fe4ab6b4b6a723fd837) Importer(815301076,1909f56bfc062723c751e8b465ee728b)  -> (artifact id: 'b51680dbbda907586977a6842a38d0c0') in 0.007376 seconds 
  Import took 0.014535 seconds .

========================================================================
Received Import Request.
  Time since last request: 7.604761 seconds.
  path: Assets/3D/Prefabs/RockWithGrass.prefab
  artifactKey: Guid(9ab835a39843d0b4e86f19971932da71) Importer(815301076,1909f56bfc062723c751e8b465ee728b)
Start importing Assets/3D/Prefabs/RockWithGrass.prefab using Guid(9ab835a39843d0b4e86f19971932da71) Importer(815301076,1909f56bfc062723c751e8b465ee728b)  -> (artifact id: '0008b535286562579e341e3f2ebbeead') in 0.032255 seconds 
  Import took 0.037770 seconds .

========================================================================
Received Import Request.
  Time since last request: 176.978646 seconds.
  path: Assets/3D/Prefabs/RockWithGrass.prefab
  artifactKey: Guid(9ab835a39843d0b4e86f19971932da71) Importer(815301076,1909f56bfc062723c751e8b465ee728b)
Start importing Assets/3D/Prefabs/RockWithGrass.prefab using Guid(9ab835a39843d0b4e86f19971932da71) Importer(815301076,1909f56bfc062723c751e8b465ee728b)  -> (artifact id: '34fc7c4ef5bcaeb15553415c28257880') in 0.020783 seconds 
  Import took 0.025632 seconds .

========================================================================
Received Import Request.
  Time since last request: 0.530438 seconds.
  path: Assets/3D/Prefabs/RockWithGrass.prefab
  artifactKey: Guid(9ab835a39843d0b4e86f19971932da71) Importer(815301076,1909f56bfc062723c751e8b465ee728b)
Start importing Assets/3D/Prefabs/RockWithGrass.prefab using Guid(9ab835a39843d0b4e86f19971932da71) Importer(815301076,1909f56bfc062723c751e8b465ee728b)  -> (artifact id: 'ef9ede7f009f80b33f6358522bf911f1') in 0.021241 seconds 
  Import took 0.025627 seconds .

AssetImportWorkerClient::OnTransportError - code=2 error=End of file
