Using pre-set license
Built from '2020.3/staging' branch; Version is '2020.3.19f1 (68f137dc9bbe) revision 6877495'; Using compiler version '192528614'; Build Type 'Release'
OS: 'Windows 10 Pro; OS build 19042.1348; Version 2009; 64bit' Language: 'fr' Physical Memory: 16335 MB
BatchMode: 1, IsHumanControllingUs: 0, StartBugReporterOnCrash: 0, Is64bit: 1, IsPro: 0

COMMAND LINE ARGUMENTS:
D:\2020.3.19f1\Editor\Unity.exe
-adb2
-batchMode
-noUpm
-name
AssetImportWorker0
-projectPath
D:/ETPA/Annee_2/Infographie3D/TD_3D/TowerDefense/Unity/TowerDefenseGC
-logFile
Logs/AssetImportWorker0.log
-srvPort
61046
Successfully changed project path to: D:/ETPA/Annee_2/Infographie3D/TD_3D/TowerDefense/Unity/TowerDefenseGC
D:/ETPA/Annee_2/Infographie3D/TD_3D/TowerDefense/Unity/TowerDefenseGC
Using Asset Import Pipeline V2.
Refreshing native plugins compatible for Editor in 26.92 ms, found 2 plugins.
Preloading 0 native plugins for Editor in 0.00 ms.
Initialize engine version: 2020.3.19f1 (68f137dc9bbe)
[Subsystems] Discovering subsystems at path D:/2020.3.19f1/Editor/Data/Resources/UnitySubsystems
[Subsystems] Discovering subsystems at path D:/ETPA/Annee_2/Infographie3D/TD_3D/TowerDefense/Unity/TowerDefenseGC/Assets
GfxDevice: creating device client; threaded=0
Direct3D:
    Version:  Direct3D 11.0 [level 11.1]
    Renderer: NVIDIA GeForce GTX 970 (ID=0x13c2)
    Vendor:   
    VRAM:     4043 MB
    Driver:   30.0.14.9649
Initialize mono
Mono path[0] = 'D:/2020.3.19f1/Editor/Data/Managed'
Mono path[1] = 'D:/2020.3.19f1/Editor/Data/MonoBleedingEdge/lib/mono/unityjit'
Mono config path = 'D:/2020.3.19f1/Editor/Data/MonoBleedingEdge/etc'
Using monoOptions --debugger-agent=transport=dt_socket,embedding=1,server=y,suspend=n,address=127.0.0.1:56132
Begin MonoManager ReloadAssembly
Registering precompiled unity dll's ...
Register platform support module: D:/2020.3.19f1/Editor/Data/PlaybackEngines/WindowsStandaloneSupport/UnityEditor.WindowsStandalone.Extensions.dll
Registered in 0.002336 seconds.
Native extension for WindowsStandalone target not found
Refreshing native plugins compatible for Editor in 27.33 ms, found 2 plugins.
Preloading 0 native plugins for Editor in 0.00 ms.
Mono: successfully reloaded assembly
- Completed reload, in  1.850 seconds
Domain Reload Profiling:
	ReloadAssembly (1851ms)
		BeginReloadAssembly (111ms)
			ExecutionOrderSort (0ms)
			DisableScriptedObjects (0ms)
			BackupInstance (0ms)
			ReleaseScriptingObjects (0ms)
			CreateAndSetChildDomain (1ms)
		EndReloadAssembly (410ms)
			LoadAssemblies (111ms)
			RebuildTransferFunctionScriptingTraits (0ms)
			SetupTypeCache (165ms)
			ReleaseScriptCaches (0ms)
			RebuildScriptCaches (30ms)
			SetupLoadedEditorAssemblies (152ms)
				LogAssemblyErrors (0ms)
				InitializePlatformSupportModulesInManaged (4ms)
				SetLoadedEditorAssemblies (0ms)
				RefreshPlugins (28ms)
				BeforeProcessingInitializeOnLoad (8ms)
				ProcessInitializeOnLoadAttributes (82ms)
				ProcessInitializeOnLoadMethodAttributes (30ms)
				AfterProcessingInitializeOnLoad (0ms)
				EditorAssembliesLoaded (0ms)
			ExecutionOrderSort2 (0ms)
			AwakeInstancesAfterBackupRestoration (0ms)
Platform modules already initialized, skipping
Registering precompiled user dll's ...
Registered in 0.004979 seconds.
Begin MonoManager ReloadAssembly
Native extension for WindowsStandalone target not found
Refreshing native plugins compatible for Editor in 0.32 ms, found 2 plugins.
Preloading 0 native plugins for Editor in 0.00 ms.
Mono: successfully reloaded assembly
- Completed reload, in  1.154 seconds
Domain Reload Profiling:
	ReloadAssembly (1156ms)
		BeginReloadAssembly (219ms)
			ExecutionOrderSort (0ms)
			DisableScriptedObjects (4ms)
			BackupInstance (0ms)
			ReleaseScriptingObjects (0ms)
			CreateAndSetChildDomain (21ms)
		EndReloadAssembly (870ms)
			LoadAssemblies (158ms)
			RebuildTransferFunctionScriptingTraits (0ms)
			SetupTypeCache (302ms)
			ReleaseScriptCaches (1ms)
			RebuildScriptCaches (50ms)
			SetupLoadedEditorAssemblies (291ms)
				LogAssemblyErrors (0ms)
				InitializePlatformSupportModulesInManaged (6ms)
				SetLoadedEditorAssemblies (0ms)
				RefreshPlugins (1ms)
				BeforeProcessingInitializeOnLoad (54ms)
				ProcessInitializeOnLoadAttributes (222ms)
				ProcessInitializeOnLoadMethodAttributes (4ms)
				AfterProcessingInitializeOnLoad (3ms)
				EditorAssembliesLoaded (0ms)
			ExecutionOrderSort2 (0ms)
			AwakeInstancesAfterBackupRestoration (10ms)
Platform modules already initialized, skipping
========================================================================
Worker process is ready to serve import requests
Launched and connected shader compiler UnityShaderCompiler.exe after 0.06 seconds
Refreshing native plugins compatible for Editor in 0.46 ms, found 2 plugins.
Preloading 0 native plugins for Editor in 0.00 ms.
Unloading 1397 Unused Serialized files (Serialized files now loaded: 0)
System memory in use before: 64.8 MB.
System memory in use after: 64.9 MB.

Unloading 16 unused Assets to reduce memory usage. Loaded Objects now: 1832.
Total: 17.597700 ms (FindLiveObjects: 0.288700 ms CreateObjectMapping: 0.085100 ms MarkObjects: 17.123700 ms  DeleteObjects: 0.098200 ms)

AssetImportParameters requested are different than current active one (requested -> active):
  custom:framework-win-MediaFoundation: 216162199b28c13a410421893ffa2e32 -> 
  custom:video-decoder-ogg-theora: a1e56fd34408186e4bbccfd4996cb3dc -> 
  custom:container-muxer-webm: aa71ff27fc2769a1b78a27578f13a17b -> 
  custom:container-demuxer-webm: 4f35f7cbe854078d1ac9338744f61a02 -> 
  custom:container-demuxer-ogg: 62fdf1f143b41e24485cea50d1cbac27 -> 
  custom:video-encoder-webm-vp8: eb34c28f22e8b96e1ab97ce403110664 -> 
  custom:video-codec-MediaFoundation-h265: 746d11721c4dcdbdad8f713fa42b33f4 -> 
  custom:video-decoder-webm-vp8: 9c59270c3fd7afecdb556c50c9e8de78 -> 
  custom:audio-decoder-ogg-vorbis: bf7c407c2cedff20999df2af8eb42d56 -> 
  custom:audio-encoder-webm-vorbis: bf7c407c2cedff20999df2af8eb42d56 -> 
========================================================================
Received Import Request.
  path: Assets
  artifactKey: Guid(00000000000000001000000000000000) Importer(815301076,1909f56bfc062723c751e8b465ee728b)
Start importing Assets using Guid(00000000000000001000000000000000) Importer(815301076,1909f56bfc062723c751e8b465ee728b)  -> (artifact id: '42d402b061de3733987d63b9cc3b64de') in 0.038570 seconds 
  Import took 0.076693 seconds .

========================================================================
Received Import Request.
  Time since last request: 2.596979 seconds.
  path: Assets/New Scene.unity
  artifactKey: Guid(df8ff8116e230c047b0e73778360c116) Importer(815301076,1909f56bfc062723c751e8b465ee728b)
Start importing Assets/New Scene.unity using Guid(df8ff8116e230c047b0e73778360c116) Importer(815301076,1909f56bfc062723c751e8b465ee728b)  -> (artifact id: 'b7b1b1f1ed2027051dcdc5a2d9fa5387') in 0.021202 seconds 
  Import took 0.057126 seconds .

========================================================================
Received Import Request.
  Time since last request: 5.390580 seconds.
  path: Assets/Scenes
  artifactKey: Guid(2b03f061d4ead2446ad9113139b81423) Importer(815301076,1909f56bfc062723c751e8b465ee728b)
Start importing Assets/Scenes using Guid(2b03f061d4ead2446ad9113139b81423) Importer(815301076,1909f56bfc062723c751e8b465ee728b)  -> (artifact id: '30e16998578f1e04910ef9e2f0841cb0') in 0.008634 seconds 
  Import took 0.015604 seconds .

========================================================================
Received Import Request.
  Time since last request: 8.234885 seconds.
  path: Assets/Scenes/TowerDefense.unity
  artifactKey: Guid(5390524a942d8ff458f82914377d00e2) Importer(815301076,1909f56bfc062723c751e8b465ee728b)
Start importing Assets/Scenes/TowerDefense.unity using Guid(5390524a942d8ff458f82914377d00e2) Importer(815301076,1909f56bfc062723c751e8b465ee728b)  -> (artifact id: '8f4877608cf2ca1a3a2ee023f9abe1da') in 0.011222 seconds 
  Import took 0.020101 seconds .

========================================================================
Received Import Request.
  Time since last request: 759.285805 seconds.
  path: Assets/Script
  artifactKey: Guid(720bfa48874b4104d9f12cfe9fac53ff) Importer(815301076,1909f56bfc062723c751e8b465ee728b)
Start importing Assets/Script using Guid(720bfa48874b4104d9f12cfe9fac53ff) Importer(815301076,1909f56bfc062723c751e8b465ee728b)  -> (artifact id: '711033bf93c504b6e9239d75dcc6dd04') in 0.010468 seconds 
  Import took 0.018743 seconds .

========================================================================
Received Import Request.
  Time since last request: 11.216551 seconds.
  path: Assets/Scripts
  artifactKey: Guid(720bfa48874b4104d9f12cfe9fac53ff) Importer(815301076,1909f56bfc062723c751e8b465ee728b)
Start importing Assets/Scripts using Guid(720bfa48874b4104d9f12cfe9fac53ff) Importer(815301076,1909f56bfc062723c751e8b465ee728b)  -> (artifact id: '77cfb828dc4efeb00b785f836ba160b7') in 0.009825 seconds 
  Import took 0.055280 seconds .

========================================================================
Received Prepare
Registering precompiled user dll's ...
Registered in 0.004653 seconds.
Begin MonoManager ReloadAssembly
Native extension for WindowsStandalone target not found
Refreshing native plugins compatible for Editor in 0.32 ms, found 2 plugins.
Preloading 0 native plugins for Editor in 0.00 ms.
Mono: successfully reloaded assembly
- Completed reload, in  1.035 seconds
Domain Reload Profiling:
	ReloadAssembly (1036ms)
		BeginReloadAssembly (170ms)
			ExecutionOrderSort (0ms)
			DisableScriptedObjects (4ms)
			BackupInstance (0ms)
			ReleaseScriptingObjects (0ms)
			CreateAndSetChildDomain (39ms)
		EndReloadAssembly (801ms)
			LoadAssemblies (158ms)
			RebuildTransferFunctionScriptingTraits (0ms)
			SetupTypeCache (294ms)
			ReleaseScriptCaches (1ms)
			RebuildScriptCaches (37ms)
			SetupLoadedEditorAssemblies (271ms)
				LogAssemblyErrors (0ms)
				InitializePlatformSupportModulesInManaged (8ms)
				SetLoadedEditorAssemblies (0ms)
				RefreshPlugins (1ms)
				BeforeProcessingInitializeOnLoad (47ms)
				ProcessInitializeOnLoadAttributes (208ms)
				ProcessInitializeOnLoadMethodAttributes (4ms)
				AfterProcessingInitializeOnLoad (3ms)
				EditorAssembliesLoaded (0ms)
			ExecutionOrderSort2 (0ms)
			AwakeInstancesAfterBackupRestoration (6ms)
Platform modules already initialized, skipping
Refreshing native plugins compatible for Editor in 0.38 ms, found 2 plugins.
Preloading 0 native plugins for Editor in 0.00 ms.
Unloading 1392 Unused Serialized files (Serialized files now loaded: 0)
System memory in use before: 64.7 MB.
System memory in use after: 64.8 MB.

Unloading 11 unused Assets to reduce memory usage. Loaded Objects now: 1835.
Total: 3.005000 ms (FindLiveObjects: 0.182900 ms CreateObjectMapping: 0.082700 ms MarkObjects: 2.710700 ms  DeleteObjects: 0.027200 ms)

AssetImportParameters requested are different than current active one (requested -> active):
  custom:framework-win-MediaFoundation: 216162199b28c13a410421893ffa2e32 -> 
  custom:video-decoder-ogg-theora: a1e56fd34408186e4bbccfd4996cb3dc -> 
  custom:container-muxer-webm: aa71ff27fc2769a1b78a27578f13a17b -> 
  custom:container-demuxer-webm: 4f35f7cbe854078d1ac9338744f61a02 -> 
  custom:container-demuxer-ogg: 62fdf1f143b41e24485cea50d1cbac27 -> 
  custom:video-encoder-webm-vp8: eb34c28f22e8b96e1ab97ce403110664 -> 
  custom:video-codec-MediaFoundation-h265: 746d11721c4dcdbdad8f713fa42b33f4 -> 
  custom:video-decoder-webm-vp8: 9c59270c3fd7afecdb556c50c9e8de78 -> 
  custom:audio-decoder-ogg-vorbis: bf7c407c2cedff20999df2af8eb42d56 -> 
  custom:audio-encoder-webm-vorbis: bf7c407c2cedff20999df2af8eb42d56 -> 
========================================================================
Received Import Request.
  Time since last request: 17.006356 seconds.
  path: Assets/Scripts/NewBehaviourScript.cs
  artifactKey: Guid(5fc4aacf83023c9419bd043480d61bff) Importer(815301076,1909f56bfc062723c751e8b465ee728b)
Start importing Assets/Scripts/NewBehaviourScript.cs using Guid(5fc4aacf83023c9419bd043480d61bff) Importer(815301076,1909f56bfc062723c751e8b465ee728b)  -> (artifact id: 'f785e4788b34bb44ee9ee4f729401384') in 0.045179 seconds 
  Import took 0.052166 seconds .

========================================================================
Received Import Request.
  Time since last request: 3.577593 seconds.
  path: Assets/Scripts/MoveObject.cs
  artifactKey: Guid(5fc4aacf83023c9419bd043480d61bff) Importer(815301076,1909f56bfc062723c751e8b465ee728b)
Start importing Assets/Scripts/MoveObject.cs using Guid(5fc4aacf83023c9419bd043480d61bff) Importer(815301076,1909f56bfc062723c751e8b465ee728b)  -> (artifact id: '0907e331af6cea0c6acbe0649e816a4c') in 0.008725 seconds 
  Import took 0.064031 seconds .

========================================================================
Received Prepare
Registering precompiled user dll's ...
Registered in 0.004864 seconds.
Begin MonoManager ReloadAssembly
Native extension for WindowsStandalone target not found
Refreshing native plugins compatible for Editor in 0.30 ms, found 2 plugins.
Preloading 0 native plugins for Editor in 0.00 ms.
Mono: successfully reloaded assembly
- Completed reload, in  1.008 seconds
Domain Reload Profiling:
	ReloadAssembly (1010ms)
		BeginReloadAssembly (165ms)
			ExecutionOrderSort (0ms)
			DisableScriptedObjects (5ms)
			BackupInstance (0ms)
			ReleaseScriptingObjects (0ms)
			CreateAndSetChildDomain (33ms)
		EndReloadAssembly (784ms)
			LoadAssemblies (152ms)
			RebuildTransferFunctionScriptingTraits (0ms)
			SetupTypeCache (277ms)
			ReleaseScriptCaches (1ms)
			RebuildScriptCaches (40ms)
			SetupLoadedEditorAssemblies (267ms)
				LogAssemblyErrors (0ms)
				InitializePlatformSupportModulesInManaged (5ms)
				SetLoadedEditorAssemblies (0ms)
				RefreshPlugins (1ms)
				BeforeProcessingInitializeOnLoad (51ms)
				ProcessInitializeOnLoadAttributes (202ms)
				ProcessInitializeOnLoadMethodAttributes (4ms)
				AfterProcessingInitializeOnLoad (4ms)
				EditorAssembliesLoaded (0ms)
			ExecutionOrderSort2 (0ms)
			AwakeInstancesAfterBackupRestoration (6ms)
Platform modules already initialized, skipping
Refreshing native plugins compatible for Editor in 0.43 ms, found 2 plugins.
Preloading 0 native plugins for Editor in 0.00 ms.
Unloading 1392 Unused Serialized files (Serialized files now loaded: 0)
System memory in use before: 64.7 MB.
System memory in use after: 64.8 MB.

Unloading 11 unused Assets to reduce memory usage. Loaded Objects now: 1837.
Total: 3.204400 ms (FindLiveObjects: 0.182600 ms CreateObjectMapping: 0.163100 ms MarkObjects: 2.835900 ms  DeleteObjects: 0.021800 ms)

AssetImportParameters requested are different than current active one (requested -> active):
  custom:framework-win-MediaFoundation: 216162199b28c13a410421893ffa2e32 -> 
  custom:video-decoder-ogg-theora: a1e56fd34408186e4bbccfd4996cb3dc -> 
  custom:container-muxer-webm: aa71ff27fc2769a1b78a27578f13a17b -> 
  custom:container-demuxer-webm: 4f35f7cbe854078d1ac9338744f61a02 -> 
  custom:container-demuxer-ogg: 62fdf1f143b41e24485cea50d1cbac27 -> 
  custom:video-encoder-webm-vp8: eb34c28f22e8b96e1ab97ce403110664 -> 
  custom:video-codec-MediaFoundation-h265: 746d11721c4dcdbdad8f713fa42b33f4 -> 
  custom:video-decoder-webm-vp8: 9c59270c3fd7afecdb556c50c9e8de78 -> 
  custom:audio-decoder-ogg-vorbis: bf7c407c2cedff20999df2af8eb42d56 -> 
  custom:audio-encoder-webm-vorbis: bf7c407c2cedff20999df2af8eb42d56 -> 
========================================================================
Received Prepare
Registering precompiled user dll's ...
Registered in 0.005109 seconds.
Begin MonoManager ReloadAssembly
Native extension for WindowsStandalone target not found
Refreshing native plugins compatible for Editor in 0.32 ms, found 2 plugins.
Preloading 0 native plugins for Editor in 0.00 ms.
Mono: successfully reloaded assembly
- Completed reload, in  1.049 seconds
Domain Reload Profiling:
	ReloadAssembly (1050ms)
		BeginReloadAssembly (171ms)
			ExecutionOrderSort (0ms)
			DisableScriptedObjects (6ms)
			BackupInstance (0ms)
			ReleaseScriptingObjects (0ms)
			CreateAndSetChildDomain (35ms)
		EndReloadAssembly (818ms)
			LoadAssemblies (162ms)
			RebuildTransferFunctionScriptingTraits (0ms)
			SetupTypeCache (301ms)
			ReleaseScriptCaches (1ms)
			RebuildScriptCaches (38ms)
			SetupLoadedEditorAssemblies (266ms)
				LogAssemblyErrors (0ms)
				InitializePlatformSupportModulesInManaged (5ms)
				SetLoadedEditorAssemblies (0ms)
				RefreshPlugins (1ms)
				BeforeProcessingInitializeOnLoad (47ms)
				ProcessInitializeOnLoadAttributes (202ms)
				ProcessInitializeOnLoadMethodAttributes (6ms)
				AfterProcessingInitializeOnLoad (5ms)
				EditorAssembliesLoaded (0ms)
			ExecutionOrderSort2 (0ms)
			AwakeInstancesAfterBackupRestoration (10ms)
Platform modules already initialized, skipping
Refreshing native plugins compatible for Editor in 0.34 ms, found 2 plugins.
Preloading 0 native plugins for Editor in 0.00 ms.
Unloading 1392 Unused Serialized files (Serialized files now loaded: 0)
System memory in use before: 64.7 MB.
System memory in use after: 64.8 MB.

Unloading 11 unused Assets to reduce memory usage. Loaded Objects now: 1839.
Total: 3.037200 ms (FindLiveObjects: 0.158500 ms CreateObjectMapping: 0.107300 ms MarkObjects: 2.746800 ms  DeleteObjects: 0.023500 ms)

AssetImportParameters requested are different than current active one (requested -> active):
  custom:framework-win-MediaFoundation: 216162199b28c13a410421893ffa2e32 -> 
  custom:video-decoder-ogg-theora: a1e56fd34408186e4bbccfd4996cb3dc -> 
  custom:container-muxer-webm: aa71ff27fc2769a1b78a27578f13a17b -> 
  custom:container-demuxer-webm: 4f35f7cbe854078d1ac9338744f61a02 -> 
  custom:container-demuxer-ogg: 62fdf1f143b41e24485cea50d1cbac27 -> 
  custom:video-encoder-webm-vp8: eb34c28f22e8b96e1ab97ce403110664 -> 
  custom:video-codec-MediaFoundation-h265: 746d11721c4dcdbdad8f713fa42b33f4 -> 
  custom:video-decoder-webm-vp8: 9c59270c3fd7afecdb556c50c9e8de78 -> 
  custom:audio-decoder-ogg-vorbis: bf7c407c2cedff20999df2af8eb42d56 -> 
  custom:audio-encoder-webm-vorbis: bf7c407c2cedff20999df2af8eb42d56 -> 
========================================================================
Received Import Request.
  Time since last request: 235.345275 seconds.
  path: Assets/Scripts/MoveObject.cs
  artifactKey: Guid(5fc4aacf83023c9419bd043480d61bff) Importer(815301076,1909f56bfc062723c751e8b465ee728b)
Start importing Assets/Scripts/MoveObject.cs using Guid(5fc4aacf83023c9419bd043480d61bff) Importer(815301076,1909f56bfc062723c751e8b465ee728b)  -> (artifact id: 'd76be644186b721aa6c702d2942b5248') in 0.009369 seconds 
  Import took 0.034991 seconds .

========================================================================
Received Prepare
Registering precompiled user dll's ...
Registered in 0.006569 seconds.
Begin MonoManager ReloadAssembly
Native extension for WindowsStandalone target not found
Refreshing native plugins compatible for Editor in 0.35 ms, found 2 plugins.
Preloading 0 native plugins for Editor in 0.00 ms.
Mono: successfully reloaded assembly
- Completed reload, in  1.225 seconds
Domain Reload Profiling:
	ReloadAssembly (1227ms)
		BeginReloadAssembly (185ms)
			ExecutionOrderSort (0ms)
			DisableScriptedObjects (6ms)
			BackupInstance (0ms)
			ReleaseScriptingObjects (0ms)
			CreateAndSetChildDomain (40ms)
		EndReloadAssembly (973ms)
			LoadAssemblies (183ms)
			RebuildTransferFunctionScriptingTraits (0ms)
			SetupTypeCache (357ms)
			ReleaseScriptCaches (1ms)
			RebuildScriptCaches (48ms)
			SetupLoadedEditorAssemblies (321ms)
				LogAssemblyErrors (0ms)
				InitializePlatformSupportModulesInManaged (7ms)
				SetLoadedEditorAssemblies (0ms)
				RefreshPlugins (1ms)
				BeforeProcessingInitializeOnLoad (55ms)
				ProcessInitializeOnLoadAttributes (249ms)
				ProcessInitializeOnLoadMethodAttributes (4ms)
				AfterProcessingInitializeOnLoad (4ms)
				EditorAssembliesLoaded (0ms)
			ExecutionOrderSort2 (0ms)
			AwakeInstancesAfterBackupRestoration (8ms)
Platform modules already initialized, skipping
Refreshing native plugins compatible for Editor in 0.34 ms, found 2 plugins.
Preloading 0 native plugins for Editor in 0.00 ms.
Unloading 1392 Unused Serialized files (Serialized files now loaded: 0)
System memory in use before: 64.7 MB.
System memory in use after: 64.8 MB.

Unloading 11 unused Assets to reduce memory usage. Loaded Objects now: 1841.
Total: 2.917300 ms (FindLiveObjects: 0.184800 ms CreateObjectMapping: 0.111400 ms MarkObjects: 2.604900 ms  DeleteObjects: 0.015000 ms)

AssetImportParameters requested are different than current active one (requested -> active):
  custom:framework-win-MediaFoundation: 216162199b28c13a410421893ffa2e32 -> 
  custom:video-decoder-ogg-theora: a1e56fd34408186e4bbccfd4996cb3dc -> 
  custom:container-muxer-webm: aa71ff27fc2769a1b78a27578f13a17b -> 
  custom:container-demuxer-webm: 4f35f7cbe854078d1ac9338744f61a02 -> 
  custom:container-demuxer-ogg: 62fdf1f143b41e24485cea50d1cbac27 -> 
  custom:video-encoder-webm-vp8: eb34c28f22e8b96e1ab97ce403110664 -> 
  custom:video-codec-MediaFoundation-h265: 746d11721c4dcdbdad8f713fa42b33f4 -> 
  custom:video-decoder-webm-vp8: 9c59270c3fd7afecdb556c50c9e8de78 -> 
  custom:audio-decoder-ogg-vorbis: bf7c407c2cedff20999df2af8eb42d56 -> 
  custom:audio-encoder-webm-vorbis: bf7c407c2cedff20999df2af8eb42d56 -> 
========================================================================
Received Prepare
Registering precompiled user dll's ...
Registered in 0.005184 seconds.
Begin MonoManager ReloadAssembly
Native extension for WindowsStandalone target not found
Refreshing native plugins compatible for Editor in 0.31 ms, found 2 plugins.
Preloading 0 native plugins for Editor in 0.00 ms.
Mono: successfully reloaded assembly
- Completed reload, in  0.993 seconds
Domain Reload Profiling:
	ReloadAssembly (994ms)
		BeginReloadAssembly (158ms)
			ExecutionOrderSort (0ms)
			DisableScriptedObjects (4ms)
			BackupInstance (0ms)
			ReleaseScriptingObjects (0ms)
			CreateAndSetChildDomain (32ms)
		EndReloadAssembly (781ms)
			LoadAssemblies (154ms)
			RebuildTransferFunctionScriptingTraits (0ms)
			SetupTypeCache (287ms)
			ReleaseScriptCaches (1ms)
			RebuildScriptCaches (42ms)
			SetupLoadedEditorAssemblies (250ms)
				LogAssemblyErrors (0ms)
				InitializePlatformSupportModulesInManaged (5ms)
				SetLoadedEditorAssemblies (0ms)
				RefreshPlugins (1ms)
				BeforeProcessingInitializeOnLoad (44ms)
				ProcessInitializeOnLoadAttributes (192ms)
				ProcessInitializeOnLoadMethodAttributes (4ms)
				AfterProcessingInitializeOnLoad (3ms)
				EditorAssembliesLoaded (0ms)
			ExecutionOrderSort2 (0ms)
			AwakeInstancesAfterBackupRestoration (6ms)
Platform modules already initialized, skipping
Refreshing native plugins compatible for Editor in 0.35 ms, found 2 plugins.
Preloading 0 native plugins for Editor in 0.00 ms.
Unloading 1391 Unused Serialized files (Serialized files now loaded: 0)
System memory in use before: 64.7 MB.
System memory in use after: 64.8 MB.

Unloading 12 unused Assets to reduce memory usage. Loaded Objects now: 1842.
Total: 3.158100 ms (FindLiveObjects: 0.157600 ms CreateObjectMapping: 0.079600 ms MarkObjects: 2.893700 ms  DeleteObjects: 0.025700 ms)

AssetImportParameters requested are different than current active one (requested -> active):
  custom:framework-win-MediaFoundation: 216162199b28c13a410421893ffa2e32 -> 
  custom:video-decoder-ogg-theora: a1e56fd34408186e4bbccfd4996cb3dc -> 
  custom:container-muxer-webm: aa71ff27fc2769a1b78a27578f13a17b -> 
  custom:container-demuxer-webm: 4f35f7cbe854078d1ac9338744f61a02 -> 
  custom:container-demuxer-ogg: 62fdf1f143b41e24485cea50d1cbac27 -> 
  custom:video-encoder-webm-vp8: eb34c28f22e8b96e1ab97ce403110664 -> 
  custom:video-codec-MediaFoundation-h265: 746d11721c4dcdbdad8f713fa42b33f4 -> 
  custom:video-decoder-webm-vp8: 9c59270c3fd7afecdb556c50c9e8de78 -> 
  custom:audio-decoder-ogg-vorbis: bf7c407c2cedff20999df2af8eb42d56 -> 
  custom:audio-encoder-webm-vorbis: bf7c407c2cedff20999df2af8eb42d56 -> 
========================================================================
Received Import Request.
  Time since last request: 313.284318 seconds.
  path: Assets/Scenes/SampleScene.unity
  artifactKey: Guid(9fc0d4010bbf28b4594072e72b8655ab) Importer(815301076,1909f56bfc062723c751e8b465ee728b)
Start importing Assets/Scenes/SampleScene.unity using Guid(9fc0d4010bbf28b4594072e72b8655ab) Importer(815301076,1909f56bfc062723c751e8b465ee728b)  -> (artifact id: '85059f4f9e1a832ed95adaa0d25c5c4c') in 0.017016 seconds 
  Import took 0.086321 seconds .

========================================================================
Received Import Request.
  Time since last request: 15.622333 seconds.
  path: Assets/Scenes/TowerDefense.unity
  artifactKey: Guid(5390524a942d8ff458f82914377d00e2) Importer(815301076,1909f56bfc062723c751e8b465ee728b)
Start importing Assets/Scenes/TowerDefense.unity using Guid(5390524a942d8ff458f82914377d00e2) Importer(815301076,1909f56bfc062723c751e8b465ee728b)  -> (artifact id: 'd259c10e9c60182b25d232363a8ffe81') in 0.007006 seconds 
  Import took 0.043569 seconds .

========================================================================
Received Import Request.
  Time since last request: 25.847741 seconds.
  path: Assets/New Folder
  artifactKey: Guid(6167a5419bec54944b3637dcb74fe456) Importer(815301076,1909f56bfc062723c751e8b465ee728b)
Start importing Assets/New Folder using Guid(6167a5419bec54944b3637dcb74fe456) Importer(815301076,1909f56bfc062723c751e8b465ee728b)  -> (artifact id: 'd694bcfe517bfec9d4a5312b310c293c') in 0.010271 seconds 
  Import took 0.016696 seconds .

========================================================================
Received Import Request.
  Time since last request: 5.192447 seconds.
  path: Assets/3D
  artifactKey: Guid(6167a5419bec54944b3637dcb74fe456) Importer(815301076,1909f56bfc062723c751e8b465ee728b)
Start importing Assets/3D using Guid(6167a5419bec54944b3637dcb74fe456) Importer(815301076,1909f56bfc062723c751e8b465ee728b)  -> (artifact id: '4d3f718a433b454218d822c11a1c9297') in 0.008895 seconds 
  Import took 0.015213 seconds .

========================================================================
Received Import Request.
  Time since last request: 6.817153 seconds.
  path: Assets/3D/Environment
  artifactKey: Guid(8d14a55e50360e745a455cdcb3fec657) Importer(815301076,1909f56bfc062723c751e8b465ee728b)
Start importing Assets/3D/Environment using Guid(8d14a55e50360e745a455cdcb3fec657) Importer(815301076,1909f56bfc062723c751e8b465ee728b)  -> (artifact id: '5e20a65327b2e6c25c9b041b87288c91') in 0.008622 seconds 
  Import took 0.071724 seconds .

========================================================================
Received Import Request.
  Time since last request: 32.931841 seconds.
  path: Assets/3D/Environment/Environment.fbx
  artifactKey: Guid(b6dd2142ed638c04a92a12883589bb94) Importer(815301076,1909f56bfc062723c751e8b465ee728b)
Start importing Assets/3D/Environment/Environment.fbx using Guid(b6dd2142ed638c04a92a12883589bb94) Importer(815301076,1909f56bfc062723c751e8b465ee728b)  -> (artifact id: 'f92629e42b9bb162609726064dbae741') in 0.587355 seconds 
  Import took 0.851260 seconds .

========================================================================
Received Import Request.
  Time since last request: 107.909293 seconds.
  path: Assets/3D/Environment/Environment.fbx
  artifactKey: Guid(b6dd2142ed638c04a92a12883589bb94) Importer(815301076,1909f56bfc062723c751e8b465ee728b)
Start importing Assets/3D/Environment/Environment.fbx using Guid(b6dd2142ed638c04a92a12883589bb94) Importer(815301076,1909f56bfc062723c751e8b465ee728b)  -> (artifact id: 'e6bda14198d239dc81ba9cefac7fd405') in 0.028642 seconds 
  Import took 0.038302 seconds .

========================================================================
Received Prepare
Registering precompiled user dll's ...
Registered in 0.010836 seconds.
Begin MonoManager ReloadAssembly
Native extension for WindowsStandalone target not found
Refreshing native plugins compatible for Editor in 96.11 ms, found 2 plugins.
Preloading 0 native plugins for Editor in 0.00 ms.
Mono: successfully reloaded assembly
- Completed reload, in  3.045 seconds
Domain Reload Profiling:
	ReloadAssembly (3183ms)
		BeginReloadAssembly (310ms)
			ExecutionOrderSort (0ms)
			DisableScriptedObjects (66ms)
			BackupInstance (0ms)
			ReleaseScriptingObjects (0ms)
			CreateAndSetChildDomain (50ms)
		EndReloadAssembly (2782ms)
			LoadAssemblies (487ms)
			RebuildTransferFunctionScriptingTraits (2ms)
			SetupTypeCache (892ms)
			ReleaseScriptCaches (1ms)
			RebuildScriptCaches (166ms)
			SetupLoadedEditorAssemblies (732ms)
				LogAssemblyErrors (0ms)
				InitializePlatformSupportModulesInManaged (85ms)
				SetLoadedEditorAssemblies (0ms)
				RefreshPlugins (106ms)
				BeforeProcessingInitializeOnLoad (321ms)
				ProcessInitializeOnLoadAttributes (213ms)
				ProcessInitializeOnLoadMethodAttributes (4ms)
				AfterProcessingInitializeOnLoad (3ms)
				EditorAssembliesLoaded (0ms)
			ExecutionOrderSort2 (0ms)
			AwakeInstancesAfterBackupRestoration (6ms)
Platform modules already initialized, skipping
Shader 'Universal Render Pipeline/Nature/SpeedTree7': dependency 'BillboardShader' shader 'Universal Render Pipeline/Nature/SpeedTree7 Billboard' not found
Shader 'Universal Render Pipeline/Baked Lit': fallback shader 'Universal Render Pipeline/Unlit' not found
Shader 'Universal Render Pipeline/Simple Lit': fallback shader 'Hidden/Universal Render Pipeline/FallbackError' not found
Shader 'Universal Render Pipeline/Terrain/Lit': fallback shader 'Hidden/Universal Render Pipeline/FallbackError' not found
Shader 'Universal Render Pipeline/Terrain/Lit': dependency 'AddPassShader' shader 'Hidden/Universal Render Pipeline/Terrain/Lit (Add Pass)' not found
Shader 'Universal Render Pipeline/Terrain/Lit': dependency 'BaseMapShader' shader 'Hidden/Universal Render Pipeline/Terrain/Lit (Base Pass)' not found
Shader 'Universal Render Pipeline/Terrain/Lit': dependency 'BaseMapGenShader' shader 'Hidden/Universal Render Pipeline/Terrain/Lit (Basemap Gen)' not found
Shader 'Hidden/Universal Render Pipeline/Terrain/Lit (Add Pass)': fallback shader 'Hidden/Universal Render Pipeline/FallbackError' not found
Shader 'Hidden/Universal Render Pipeline/Terrain/Lit (Base Pass)': fallback shader 'Hidden/Universal Render Pipeline/FallbackError' not found
Refreshing native plugins compatible for Editor in 0.78 ms, found 2 plugins.
Preloading 0 native plugins for Editor in 0.00 ms.
Unloading 2648 Unused Serialized files (Serialized files now loaded: 0)
System memory in use before: 119.4 MB.
System memory in use after: 115.1 MB.

Unloading 68 unused Assets to reduce memory usage. Loaded Objects now: 3087.
Total: 5.511100 ms (FindLiveObjects: 0.303000 ms CreateObjectMapping: 0.214800 ms MarkObjects: 3.096900 ms  DeleteObjects: 1.895200 ms)

AssetImportParameters requested are different than current active one (requested -> active):
  custom:framework-win-MediaFoundation: 216162199b28c13a410421893ffa2e32 -> 
  custom:video-decoder-ogg-theora: a1e56fd34408186e4bbccfd4996cb3dc -> 
  custom:container-muxer-webm: aa71ff27fc2769a1b78a27578f13a17b -> 
  custom:container-demuxer-webm: 4f35f7cbe854078d1ac9338744f61a02 -> 
  custom:container-demuxer-ogg: 62fdf1f143b41e24485cea50d1cbac27 -> 
  custom:video-encoder-webm-vp8: eb34c28f22e8b96e1ab97ce403110664 -> 
  custom:video-codec-MediaFoundation-h265: 746d11721c4dcdbdad8f713fa42b33f4 -> 
  custom:video-decoder-webm-vp8: 9c59270c3fd7afecdb556c50c9e8de78 -> 
  custom:audio-decoder-ogg-vorbis: bf7c407c2cedff20999df2af8eb42d56 -> 
  custom:audio-encoder-webm-vorbis: bf7c407c2cedff20999df2af8eb42d56 -> 
========================================================================
Received Import Request.
  Time since last request: 488.614904 seconds.
  path: Assets/Settings
  artifactKey: Guid(836fd4df08b4a3f44b70fe4cf5e229e7) Importer(815301076,1909f56bfc062723c751e8b465ee728b)
Start importing Assets/Settings using Guid(836fd4df08b4a3f44b70fe4cf5e229e7) Importer(815301076,1909f56bfc062723c751e8b465ee728b)  -> (artifact id: 'e74dc9a993a2137199ff553cc4dbd71e') in 0.014599 seconds 
  Import took 0.023183 seconds .

========================================================================
Received Import Request.
  Time since last request: 31.640397 seconds.
  path: Assets/Settings/UniversalRenderPipelineAsset.asset
  artifactKey: Guid(3cf4fcd702dd0d14988d9e3eebddaf02) Importer(815301076,1909f56bfc062723c751e8b465ee728b)
Start importing Assets/Settings/UniversalRenderPipelineAsset.asset using Guid(3cf4fcd702dd0d14988d9e3eebddaf02) Importer(815301076,1909f56bfc062723c751e8b465ee728b)  -> (artifact id: 'c314218c60d02e10c3f8f77f5d170efd') in 0.080950 seconds 
  Import took 0.092078 seconds .

========================================================================
Received Prepare
Switching render pipeline 00000000000000000000000000000000 -> 3cf4fcd702dd0d14988d9e3eebddaf02
Refreshing native plugins compatible for Editor in 7.18 ms, found 2 plugins.
Preloading 0 native plugins for Editor in 0.00 ms.
Unloading 114 Unused Serialized files (Serialized files now loaded: 0)
System memory in use before: 73.2 MB.
System memory in use after: 70.1 MB.

Unloading 46 unused Assets to reduce memory usage. Loaded Objects now: 3155.
Total: 8.571800 ms (FindLiveObjects: 0.382700 ms CreateObjectMapping: 0.123000 ms MarkObjects: 5.473600 ms  DeleteObjects: 2.590800 ms)

AssetImportParameters requested are different than current active one (requested -> active):
  custom:framework-win-MediaFoundation: 216162199b28c13a410421893ffa2e32 -> 
  custom:video-decoder-ogg-theora: a1e56fd34408186e4bbccfd4996cb3dc -> 
  custom:container-muxer-webm: aa71ff27fc2769a1b78a27578f13a17b -> 
  custom:container-demuxer-webm: 4f35f7cbe854078d1ac9338744f61a02 -> 
  custom:container-demuxer-ogg: 62fdf1f143b41e24485cea50d1cbac27 -> 
  custom:video-encoder-webm-vp8: eb34c28f22e8b96e1ab97ce403110664 -> 
  custom:video-codec-MediaFoundation-h265: 746d11721c4dcdbdad8f713fa42b33f4 -> 
  custom:video-decoder-webm-vp8: 9c59270c3fd7afecdb556c50c9e8de78 -> 
  custom:audio-decoder-ogg-vorbis: bf7c407c2cedff20999df2af8eb42d56 -> 
  custom:audio-encoder-webm-vorbis: bf7c407c2cedff20999df2af8eb42d56 -> 
========================================================================
Received Import Request.
  Time since last request: 123.580235 seconds.
  path: Assets/Settings/UniversalRenderPipelineAsset.asset
  artifactKey: Guid(3cf4fcd702dd0d14988d9e3eebddaf02) Importer(815301076,1909f56bfc062723c751e8b465ee728b)
Start importing Assets/Settings/UniversalRenderPipelineAsset.asset using Guid(3cf4fcd702dd0d14988d9e3eebddaf02) Importer(815301076,1909f56bfc062723c751e8b465ee728b)  -> (artifact id: '19e427c66186c19343327dbe38c7d717') in 0.008240 seconds 
  Import took 0.016754 seconds .

========================================================================
Received Import Request.
  Time since last request: 74.382395 seconds.
  path: Assets/Shaders
  artifactKey: Guid(a04dcac74f5a81c41931f4b13438ac56) Importer(815301076,1909f56bfc062723c751e8b465ee728b)
Start importing Assets/Shaders using Guid(a04dcac74f5a81c41931f4b13438ac56) Importer(815301076,1909f56bfc062723c751e8b465ee728b)  -> (artifact id: '6dd066bdd40e0927736b02501dd49135') in 0.009970 seconds 
  Import took 0.020456 seconds .

========================================================================
Received Import Request.
  Time since last request: 170.631269 seconds.
  path: Assets/3D/Environment/Environment.fbx
  artifactKey: Guid(b6dd2142ed638c04a92a12883589bb94) Importer(815301076,1909f56bfc062723c751e8b465ee728b)
Start importing Assets/3D/Environment/Environment.fbx using Guid(b6dd2142ed638c04a92a12883589bb94) Importer(815301076,1909f56bfc062723c751e8b465ee728b)  -> (artifact id: '8f44c84b65ea724a66cbd0f64e6c24b4') in 0.237110 seconds 
  Import took 0.246128 seconds .

========================================================================
Received Import Request.
  Time since last request: 29.378128 seconds.
  path: Assets/3D/Environment/Environment.fbx
  artifactKey: Guid(b6dd2142ed638c04a92a12883589bb94) Importer(815301076,1909f56bfc062723c751e8b465ee728b)
Start importing Assets/3D/Environment/Environment.fbx using Guid(b6dd2142ed638c04a92a12883589bb94) Importer(815301076,1909f56bfc062723c751e8b465ee728b)  -> (artifact id: '37b58d5814f27eb40694a8e12b4c0c8e') in 0.036149 seconds 
  Import took 0.046253 seconds .

========================================================================
Received Import Request.
  Time since last request: 322.983283 seconds.
  path: Assets/3D/Environment/Env_Palette_mask.png
  artifactKey: Guid(ccb94b1c2a6fc3e46a61f40cac0ba575) Importer(815301076,1909f56bfc062723c751e8b465ee728b)
Start importing Assets/3D/Environment/Env_Palette_mask.png using Guid(ccb94b1c2a6fc3e46a61f40cac0ba575) Importer(815301076,1909f56bfc062723c751e8b465ee728b)  -> (artifact id: 'cc9634c69c14610e6cfba0da90c821b5') in 0.033217 seconds 
  Import took 0.046362 seconds .

========================================================================
Received Import Request.
  Time since last request: 313.536985 seconds.
  path: Assets/3D/Environment/Env_Palette_diffuse.png
  artifactKey: Guid(af01ead22ccd01a4d8a2d5ec8caf09e1) Importer(815301076,1909f56bfc062723c751e8b465ee728b)
Start importing Assets/3D/Environment/Env_Palette_diffuse.png using Guid(af01ead22ccd01a4d8a2d5ec8caf09e1) Importer(815301076,1909f56bfc062723c751e8b465ee728b)  -> (artifact id: '91c9a1ae3658466849726956bc2839da') in 0.037777 seconds 
  Import took 0.052266 seconds .

========================================================================
Received Import Request.
  Time since last request: 162.428914 seconds.
  path: Assets/3D/Environment/Env_Palette_diffuse.png
  artifactKey: Guid(af01ead22ccd01a4d8a2d5ec8caf09e1) Importer(815301076,1909f56bfc062723c751e8b465ee728b)
Start importing Assets/3D/Environment/Env_Palette_diffuse.png using Guid(af01ead22ccd01a4d8a2d5ec8caf09e1) Importer(815301076,1909f56bfc062723c751e8b465ee728b)  -> (artifact id: '15f8879bc9635097137354b65c19966d') in 0.022776 seconds 
  Import took 0.033187 seconds .

========================================================================
Received Import Request.
  Time since last request: 13.430827 seconds.
  path: Assets/3D/Environment/Env_Palette_mask.png
  artifactKey: Guid(ccb94b1c2a6fc3e46a61f40cac0ba575) Importer(815301076,1909f56bfc062723c751e8b465ee728b)
Start importing Assets/3D/Environment/Env_Palette_mask.png using Guid(ccb94b1c2a6fc3e46a61f40cac0ba575) Importer(815301076,1909f56bfc062723c751e8b465ee728b)  -> (artifact id: '7da2928efefe502aec178527a685d209') in 0.018274 seconds 
  Import took 0.027720 seconds .

========================================================================
Received Import Request.
  Time since last request: 29.241674 seconds.
  path: Assets/3D/Environment/Env_Palette_diffuse.png
  artifactKey: Guid(af01ead22ccd01a4d8a2d5ec8caf09e1) Importer(815301076,1909f56bfc062723c751e8b465ee728b)
Start importing Assets/3D/Environment/Env_Palette_diffuse.png using Guid(af01ead22ccd01a4d8a2d5ec8caf09e1) Importer(815301076,1909f56bfc062723c751e8b465ee728b)  -> (artifact id: '60e1ef6f09f1d3829daa8818168dc827') in 0.016544 seconds 
  Import took 0.025610 seconds .

========================================================================
Received Import Request.
  Time since last request: 540.513134 seconds.
  path: Assets/3D/Environment/Environment.fbx
  artifactKey: Guid(b6dd2142ed638c04a92a12883589bb94) Importer(815301076,1909f56bfc062723c751e8b465ee728b)
Start importing Assets/3D/Environment/Environment.fbx using Guid(b6dd2142ed638c04a92a12883589bb94) Importer(815301076,1909f56bfc062723c751e8b465ee728b)  -> (artifact id: '9c3b7df1fffb34752ab343822d7ac2c6') in 0.057543 seconds 
  Import took 0.068108 seconds .

AssetImportWorkerClient::OnTransportError - code=2 error=End of file
